100
0 756 91 2428 198 742 8549 186 935 510 425 3652 2849 398 1522 751 5046 1227 4738 8381 1808 116 2268 1368 7707 54 422 5469 3045 9358 39 449 8461 1412 382 4479 2556 397 3022 2020 279 128 538 43 5905 4266
1 1 3198 1572 7 8 9 2 126 485 1089 404 5 869 5367 65 14 6 37 19 199 27 8734 4 15 3 30 36 252 38 110 10 549 88 6378 35 484 1388 879 84 2572 4589 4343 1597 180 1679 158 253 22 120 123 28 377 57 63 119 940 24 74 1440 4040 29 171 1183 946 2296 2902 684 596 1725 240 4460 1468 92 70 1632 7292 1296 1721 1290
2 8 3975 2264 3756 9 7 2 2848 27 5 138 3244 14 28 19 4 69 1502 3 6 797 126 11 1495 5276 6049 15 176 37 65 1572 252 21 121 17 3774 62 16 155 583 13 554 120 148 867 63 485 20 1737 23 184 199 35 12 10 22 18 44 3106 940 236 253 2780 24 3923 1184 5990 1591 8402 731 102 30 197 372 268 45 58 3831 72 78 41 316 145 410 54 968 57 135 38 2614 751 74 329 131 4607 103 139 1756 2700 404 61 1434 9305 193 5554 356 5985 56 869 2371 9584 4247
3 78 70 447 2840 7924 101 119 165 1841 1054 2191 364 4361 372 4336 1772 2696 590 2992 229 256 653 243 459 2738 5286 896 401 4009 809 309 5582 5472 161 142 29 225 4018 5803 976 5519 899 293 36 3160 5848 3455 1122
4 4277 891 862 4725 568 308 397 2175 433 3751 9493 3860 670 1805 8401 116 2460 3646 3404 217 1417 2894 313 2195 1186 258 488 514 42 6376 1113 1204
5 0 245 240 611 1826 97 86 482 1734 3266 95 6668 500 285 5313 346 487 4089 637 2976 255 76 8015 94 93 1153 187 46 524 8215 2627 510 151 2196 98 574 5404 50 73 60 7915 2292 85 77 422 390 739 4554 40 747 2785 1070 3977 1122 977 3870
6 3097 8 7 9 2 7624 0 27 1334 176 5 2153 1310 14 1958 69 120 3 19 28 6 4 15 549 2076 21 20 121 37 3110 859 13 11 3198 126 1714 65 148 17 16 9138 583 356 63 199 62 57 12 197 30 164 442 22 23 10 554 18 6656 112 72 468 252 41 9502 1476 280 38 40 1184 3172 1065 31 24 36 404 1597 78 35 97 4171 7347 1173
7 8 1310 1290 2 9 7 138 5 554 3 1315 27 621 14 4 15 6 19 28 9517 7624 126 63 11 176 155 21 583 3110 303 485 355 5526 139 968 184 948 199 107 37 12 4171 1384 120 252 4371 17 121 23 1951 1173 20 13 1452 229 69 16 62 102 148 145 35 5429 468 1583 65 57 74 2899 30 10 3700 58 4023 224 977 1610 131 197 18 78 24 797 5959 2402 725 158 55 44 316 3457 38 253 309 166 72 2112 914 1656 331 9543 442 110 9054 524 82 6577 56 22 290 371 114 4090 356 482
8 0 11 41 280 21 26 17 13 9030 72 12 178 83 5515 815 5247 4703 56 3692 2608 58 164 3517 121 290 2140 206 4864 2158 2960 216 135 54 32 7269 3302 1522 1735 411 3747 436 8819 6837 33 4525 51 901 151 735 343 228 524 261 3179 1189 2171 1754 62 1122
9 0 27 69 7 1 103 78 5 2700 715 468 115 13 31 516 163 204 8034 231 289 7147 395 2726 2616 232 737 574 2820 2140 44 79 403 32 14 7878 62 727 3 15 4308 83 236 84 119 720 142 1412 249 88 5621 59 2136 41 725 2258 60 5605 2079 784 5862
10 0 1 72 482 30 18 12 513 1707 16 915 13 4978 62 20 78 4432 22 35 1826 624 1131 501 5031 3441 841 1506 638 9039 2871 4210 7081 3008 4609 243 17 290 10 131 135 1524 196 2685 125 957 24 1667 36 74 75 139 3199 256 145 158 168 1324 2138 8243 1016 1183 1575 1691 1327 455 120 47 119 229 442 708
11 2 2591 1671 8 7 9 138 5 859 2513 28 27 15 371 6 120 3684 69 3 1077 679 148 2433 11 112 4 224 19 84 919 355 6126 55 1951 5150 4148 3457 737 187 6035 229 103 206 61 1122 54 114 79 17 1408 6656 494 48 653 37 117 51 2003 485 184 948 6238 13 34 41 1510 5333 2261 899 121 2889 650 42 73 1428 46 442 83 60 6092 7234 1894 299 6018 389 1070 585 136
12 8 554 9 138 5381 2 7 1502 5 14 1310 6 3 355 120 1077 19 4 728 27 62 731 26 155 632 879 28 686 121 1171 16 595 624 32 878 13 11 37 23 139 1930 2371 1395 979 21 69 35 20 3483 439 88 17 50 4514 114 5634 2282 135 9611 389 267 166 7929 65 4500 4390 33 74 12 18 22 29 42 1263 4977 102 117 659 992 583 3057
13 0 1610 6115 3880 82 850 1667 72 3398 3262 44 12 107 7382 1888 18 161 595 8243 10 2106 4397 29 1524 25 3196 35 240 38 1222 57 131 1174 1156 2049 166 1438 3096 3572 358 140 414 9677 1445 6480 93 6558 1407 3747 230 3251 919
14 807 2205 185 4417 196 1097 245 611 349 825 666 3514 72 2268 6031 6756 1104 4133 2433 3698 29 6630 3516 8076 1228 291 1768 410 7279 201 4672 1344 5791 1100 1149 417 450 47 396 3243 3773 4974 362 39 8430 1313
15 8 138 2 968 9 7 5 404 69 2818 329 5482 27 120 1495 4 3 19 15 199 1384 28 6 2291 4656 252 11 1766 131 197 442 907 62 84 20 14 280 268 42 161 54 139 21 1388 290 1506 5546 309 236 26 126 243 63 135 7537 1597 650 513 61 9957 92 957 3424 7727 70 41 3158 468 36 22 25 44 193 301 2700 16 158 17 58 147 709 5668 29 1850 899 249 87 9593 3467 4977 655 1434 7585
16 848 191 1136 143 170 3715 418 634 7367 6565 2767 3689 207 534 3950 215 160 385 2746 722 2857 77 506 1278 5222 1477 177 1748 2169 214 7676 6281 2768
17 5893 345 1420 3306 3912 5218 2342 2232 238 2033 561 435 161 1030 1743 1185 763 694 3243 4443 1498 49 418 3021 7488 461 5108 2072 3274 1971 159 3900 3025 3904 247 547 264 2844 1862 291 4493 4568 2419 355
18 8703 1222 3410 245 3158 3983 3053 4089 546 339 910 3121 123 6756 1292 598 613 365 421 2416 1298 615 231 803 66 6058 742 57 836 77 524 609 1019 6787 189 162 43 229 1226 97 122 355 1256 7593 1001 7557 152 129 68 3623 417 1973 879 2207
19 764 871 800 625 346 1762 34 1689 88 2348 55 480 2391 545 9081 1548 134 2079 277 536 300 309 1612 1900 49 659 746 38 250 1128 1529 981 861 1896 66 58 5497 42 1244 2872 128 599 2403 1587 980 245 849 9053 4430 3741 985 86 358 4317 197 333 211 812 176
20 1 22 1771 75 1168 4067 1412 1225 20 26 2849 495 2298 74 146 805 131 159 1783 1117 184 125 33 102 5887 907 7069 6362 1027 542 2150 2047 1522 561 41 61 249 3052 309 382 784 4408 4662 5329 149 42 16 5876 332 1768 43 117 2158 161 843 647 325 2858 232 1745 29 2683 1169 849
21 1 2264 8 3684 176 2 9 1384 7 1482 5 7242 6 138 19 69 27 120 583 404 3 14 252 4247 4 1554 164 15 2955 5482 4799 148 494 356 20 63 74 21 13 184 37 152 1089 1510 3158 1152 199 389 28 103 11 16 549 751 1350 2198 325 6698 17 1809 96 236 32 2825 7658 1597 30 47 737 342 4994 2579 119 1413 249 33 4497 22 26 34 83 3600 211 1506 23 869 1344
22 1 5926 138 8 859 1737 2818 9 7 2 69 468 193 5 27 236 303 2045 3477 63 14 4 15 6 28 107 3211 3379 70 5659 5851 114 3 126 161 650 6379 198 301 356 157 11 164 404 155 948 355 253 3706 97 731 389 299 342 96 280 6668 6035 23 40 725 47 207 26 132 3424 92 46 57 2741 4869 1437 37 17 60 25 240 8955 1132 843 1930 19 148 61 4226 2304 8528 995 7293
23 426 152 172 880 4864 87 66 1 8116 343 4350 59 42 2871 50 393 3284 2169 443 979 2142 195 5336 873 881 67 55 8802 536 1134 32 33 275 1959 404 1967 909 2187 123 86 118 64 46 6644 95 1270 1351 915 4063 2145 6335 1385
24 1 3483 2168 3046 940 542 7373 70 1930 1151 82 52 8139 56 252 2444 80 2136 679 122 9335 5350 1195 104 961 8702 1321 39 1429 1119 91 267 726 390 53 1584 2431 125 204 67 1152 451 149 1171 285 948 271 382 825 1793 2943 5643 1155 1697 769 612 4063 2492 31 96 1629 97 3563 1065 7086 1114 175 1174 95 243 2304 290
25 45 301 393 54 425 4724 31 101 1645 1134 542 64 8360 3964 10 602 880 7354 40 4100 50 18 36 1478 390 49 46 1184 148 56 102 1048 594 280 409 55 1667 2709 1307 70 2587 952 267 2175 1112 538 2582
26 25 2659 110 45 2930 7048 84 624 342 4497 50 206 199 39 102 187 890 35 432 144 4178 301 1420 161 31 193 4688 267 3358 1958 299 751 210 7687 56 867 1005 49 332 1571 152 2052 91 80 119 224 800 66 106 9542 7862 409 257 979 3248 71 129 118 139 907 7081 9927
27 1 8 2848 3097 2060 9 7 2 5 28 14 3 1954 968 184 4 57 15 708 5295 686 6337 552 443 69 1917 6 74 12 37 19 404 197 11 35 20 30 40 426 4510 82 5150 22 45 38 53 23 300 609 34 1365 164 1412 63 17 389 52 29 331 18 815 3923 1183 176 119 10 7753 348 8080 224 303 410
28 8 1263 138 708 9 7 9517 2 968 19 27 5 14 28 63 69 8450 3 155 2076 4 1917 2371 11 37 4613 3923 121 20 15 899 612 6 57 61 197 120 224 17 1604 23 2385 16 12 38 253 114 35 236 72 44 29 13 164 1656 625 78 316 51 751 1122 74 22 148 1643 2274 107 285 184 42 6097 372 4551 229 1352 432 97 30 131 727 144 21 1627 123 686 300 4157 198 815 5895 1412 126
29 34 9 1000 270 881 2955 496 223 4104 1027 720 5850 46 1985 274 89 8 1078 2 25 393 250 887 288 1803 332 933 4044 3768 1401 1762 35 7791 5195 90 1207 1113 1590 1669 66 8911 360 762 3500 138 990 793 4632 526 126 1412
30 687 1933 1026 1904 537 256 602 2563 8740 4797 1596 6450 465 3149 1651 435 34 149 3970 2014 756 242 105 169 5914 2733 2166 5210 272 124 2330 2356 327 8739 1376 2841 2757
31 0 8 138 2 9 7 5 69 27 14 482 554 3 583 4 199 19 15 1888 253 6 28 155 58 11 37 252 63 1734 4347 102 1434 74 20 73 2504 56 61 197 17 585 1106 12 3676 2067 96 16 4397 332 166 881 13 1052 55 45 7776 1387 715 2819 18 7454 3008 145 280 9933 84 1610 1065 1783 132 659 8801 117 21 915 25 735 6141 105 621
32 138 8 0 9 2 7 176 709 3849 27 5 155 6 3 3992 968 120 197 14 2841 4 869 184 11 797 15 152 166 16 34 25 1315 1583 20 5448 3160 6979 31 19 2076 82 22 17 52 3613 126 404 316 426 96 236 13 18 552 74 900 909 285 301 12 3053 2825 28 62 1524 1799 339 7559 231 549 60 1352 782 665 61 632 624 26 21 1554 3398
33 0 102 1284 3455 3447 1184 107 1572 1468 681 32 158 299 599 65 114 21 2214 13 83 243 6539 1413 3248 665 54 4172 598 1807 49 62 50 8488 3053 145 7387 5395 3119 92 47 231 1011 204 73 3639 3142 2521 2717 2116 48 84 60 1376 5011 3774 2374 503 298 7437 64 1 596 118 973 9365
34 0 1 1575 268 1809 4864 2126 2430 8702 1343 594 391 198 35 5084 73 2292 44 82 6523 681 9346 1270 305 429 1665 77 96 15 49 9039 371 1446 168 5860 204 197 137 1921 2248 8044 653 16 2707 4728 40 587 152 178 1524 333 166 206 55 2147 2941 926 1612 46 95 2593 120 442 253 6656
35 4710 3011 1883 119 444 675 1607 3983 5552 31 344 1494 2576 4410 653 1150 4358 8973 108 65 594 4435 975 1016 190 9391 2239 738 3662 385 6012 7304 1151 54 103 419 2516 503 4472 3303 62
36 1528 733 469 3996 95 1966 89 969 2979 1508 9040 1404 597 3003 998 408 632 353 697 2739 59 377 88 2097 1481 1797 970 422 40 181 3730 2810 94 1096 32 2114 845 4273 164
37 1290 1737 8 3097 155 5526 968 2 7 27 9 2591 5 1482 0 176 69 126 19 120 14 3 4 1089 4347 6 28 2513 15 5862 121 11 252 410 16 709 3497 797 30 1958 919 166 4171 1052 114 2713 356 236 148 54 17 10 41 927 371 681 107 37 158 24 21 1638 12 859 909 2073 57 18 58 25 102 45 8660 36 8454 3849 4848 395 549 2744 60 2612 13 332 303 48 3483 61 1263
38 768 141 853 698 81 1765 906 507 2805 3926 298 175 1314 99 6329 419 360 3359 1135 1991 2078 3034 7486 2593 205 323 212 4507
39 0 1 2383 7104 176 2889 280 301 56 1251 204 2138 747 4302 74 55 34 2688 10 1369 166 2523 3182 148 79 161 107 5895 60 8334 38 118 158 4388 6234 393 2503 207 390 46 84 5546 896 646 7048 15 48 25 51 175 750 40 1546 335 273 119 356 647 229
40 972 265 267 53 566 60 2475 245 3704 3561 183 143 151 160 3400 5296 1401 259 2143 1161 4849 3345 85 3858 168 154 9946 1465 308 2442 672 2164 538 8955 253 2423 3044 2190 6001 365 5931 284 167 51 1611 3999
41 0 1 554 2 8 9 900 7 1173 2076 14 1679 4142 331 686 27 5200 63 1881 184 655 4 3441 665 5 873 382 6 899 28 50 44 3 290 52 193 9519 1052 164 5973 155 123 4225 121 37 4364 625 199 1510 110 595 549 3199 268 249 252 137 39 476 6373 19 88 935 125 389 97 64 45 224 82 11 3135 2735 119 1408 632 25 329 545 650
42 8 138 0 27 126 2 1495 5 7 1 9 6 482 252 1184 7360 26 88 935 37 11 119 3 211 574 39 8364 2862 1019 162 289 121 4288 356 4 1667 41 1387 8853 16 294 478 9749 2425 28 15 880 990 67 46 2816 274 388 441 9701 8654 3585 69
43 75 158 70 219 6094 157 1429 574 4320 9478 446 2029 3231 1190 755 1232 502 412 1274 2526 1330 1068 2169 515 6045 6258 87 878 4373 1333 664 461 1807 1723 619 3532 372 4021 1161 181 6735 4838 2507 4726 4837 8512 2480
44 789 7959 1153 2293 595 742 5936 7869 339 1476 75 1379 1401 880 2577 901 19 750 4589 4089 11 671 170 115 162 587 2721 370 1002 152 9459 146 1651 201 331 330 1017 6169 716 3913 1878 102 712 4801 28 243 51 3065 133 1753 1033 1236 653 3246 1871 122 7594 2853 3240 5069 2762 1395 9824
45 8 138 6729 9 5921 7 554 5 14 176 6 27 1502 4 120 3 15 69 19 900 7055 28 121 11 2818 23 37 708 21 1173 859 13 1310 17 5661 12 10 20 114 1572 309 1122 6698 16 193 22 243 236 155 1434 65 30 62 6459 1384 63 18 57 1495 74 709 253 148 55 355 126 135 139 72 26 1954 655 2513 2486 4364 2402 1714 1917 35 82 653 29 107 184 468 5051 38 44 1876 977 117 102 229 356 131 197 442 24 7712 2614 145 158 58 70
46 1502 138 8 1 0 93 1692 9 485 1298 983 901 10 651 5720 2 152 634 739 2020 150 5850 4372 329 4985 18 1161 8438 4370 1494 836 210 489 1903 1227 387 3831 3003 2120 4581 106 49 970 218 4289 7854 1168 211 383 59 501 7 1452 6986 155
47 0 193 37 517 6684 27 48 3142 82 23 90 1506 614 3621 84 3448 5910 2685 3293 77 1521 316 110 7275 2791 1434 339 392 129 1702 480 57 383 3033 3769 55 2768 9768 103 1073 3348 15 8933 7307 742 139 22 1601 225 71 1843 146 4130 9732 2612 39 778 65 992 233 3692 3706 850
48 41 8334 5843 330 79 10 1312 55 545 110 131 1575 12 4157 300 24 39 914 1593 398 25 62 44 53 841 146 8355 2905 198 348 7569 335 18 919 227 3826 38 147 114 134 3692 71 84 782 1601 48 2249 2920 171 878 5124 274 745 5448 3477
49 118 425 641 1325 186 272 259 519 94 7537 3332 5158 2148 969 18 6137 231 829 8315 128 454 106 110 45 388 89 350 1628 1506 994 1186 8342 8030 146 996 3631 3205 147 6962 39 451 478 524 8271
50 817 1221 146 107 625 647 4982 110 1881 2106 175 233 83 4995 3363 64 5626 5634 36 240 70 216 1283 1132 1522 33 171 128 6755 2787 1891 4619 5395 2698 50 6762 455 13 3443 1269 2116 390 2238 2688 445 2453 3869 2972 159 1275 8992 125 734 1232 106 17 4310
51 0 2818 9365 8 725 7 1 2 5501 5 9 27 28 977 121 3 3046 4 14 11 197 3923 6 2826 21 15 5659 2148 63 5603 45 117 78 35 1387 6877 5031 17 371 22 13 20 30 18 19 1225 58 665 12 10 1989 1826 16 1745 102 24 1159 1692 2420 41 268 146 910 72 329 187 23 2613 198 2500 4946 155 138
52 1012 1088 6514 1096 1950 498 244 2275 868 32 951 476 4025 54 861 106 5175 6180 1469 2886 593 1862 2152 255 1361 786 239 384 198 1853 5555 296 4834 5299 5034 1001 4611 2029 418 2601
53 1 52 1704 382 211 665 325 999 9225 9551 140 2983 4478 118 231 1296 2282 3054 40 216 246 880 98 524 156 659 115 6126 4977 8454 119 6057 2976 650 309 92 1572 8309 31 2198 32 100 112 5205 195 50 73 249 3708 329 1256 3395 7291 1294 238 151 3038 5209 289 2538 5069 290 398 3215 1408 252 155
54 1001 180 5011 451 2612 1489 1513 1131 487 95 193 4413 636 76 928 126 24 1 178 2573 80 72 172 170 1321 5616 663 1568 156 86 3533 62 2316 468 3455 954 58 299 4609 118 115 1789 2902 2000 288 3884 5442 2291 53 516 81 273 1876 737 1607 777 3141 175 884 243 109 1771 797
55 8 1502 3244 2 6887 1263 138 6604 9 126 7 5 1737 3774 27 155 14 2153 19 3 1495 6 2955 15 1077 4 900 485 121 9894 1184 161 199 28 1270 867 252 17 120 725 1200 84 11 637 58 30 909 2112 37 621 63 176 80 164 146 117 148 4281 1151 45 5091 88 83 1756 747 103 662 178 482 20 70 609 549 60 1106 21 56 13 10 850 442 268 18 32 329 1283 1506 33 1171 348 873 55 166 468 410 1583 404
56 0 443 707 196 325 1194 391 1754 7499 1840 805 175 789 6379 154 370 2810 2967 1428 1613 46 1287 2451 167 90 342 203 3006 2735 36 275 388 9915 7774 137 4452 715 1600 128 64 3014 5566 3796 461 8365 25 4801 258 181 1070
57 484 53 480 375 566 728 229 451 7672 3807 727 10 114 2683 18 7918 6616 609 176 54 43 110 429 611 132 135 37 2348 330 2212 4336 164 70 4618 49 572 33 422 40 444 7325 2134 1721 218 335 52 2282 30 962 196 60 2684 32 72 4881 7546 212 1981 3839 4859 45 117
58 43 254 550 1534 264 5312 513 434 680 4667 144 716 91 7460 760 2300 4493 4596 244 1813 655 1007 519 2986 101 2873 4885 1723 459 4551 414 4539 860 4817 8541 608 3470 785 3764 836 9837 604 2148 1413 303 968
59 2692 2956 545 857 1011 762 535 167 746 933 1745 2231 1805 6134 231 1480 8146 702 216 2980 305 6246 1566 8969 871 1966 1277 189 4646 2104 327 1187 2948 434 902 3908 203 2043 5459 1096 2783 185 1100 3101 226 684
60 84 235 122 310 836 238 7718 70 212 3839 43 3319 216 409 1927 1452 5221 77 110 111 64 42 636 301 1260 763 6059 7970 219 3024 390 101 297 1757 7876 3190 240 6644 782 3126 143 80 85 5661
61 0 1 4102 408 6092 1137 118 2430 5751 720 1604 342 1132 157 146 221 81 9311 8272 365 2659 89 2976 106 4885 47 1369 6769 71 252 75 9542 1287 7408 309 79 5773 31 631 104 205 362 2147 240 213 6082 7033 448 1324 7984 112 2705 1930
62 24 47 10 21 57 442 195 17 1012 157 111 982 31 59 79 1187 3927 118 87 9634 700 454 114 1503 49 4606 64 2298 45 439 5284 4532 498 5773 1674 402 5406 2787 8480 2091 1591 224
63 3642 6481 1303 1236 3008 4880 7594 5779 64 2823 1019 660 285 557 1123 255 3659 1362 3478 1204 8947 3423 8543 2196 1370 551 187 169 6702 506 6284 8295 489 150 3025 58 1104 1967 4630 1779 4605 8704 445 3444 3349 3100 1495 138 4801 583 7892
64 0 3317 962 6767 750 296 977 166 3211 3718 1745 778 1702 46 2147 198 712 585 9521 63 967 4919 9562 7797 280 72 77 2180 310 7589 55 2152 3032 313 4 2313 1360 2238 465 396 1509 9246 399 1351 324 168 4984 1353 7559 21 2126 7518 1151 224 731 6290
65 0 1385 4962 73 1117 2296 4403 59 395 4978 206 1491 102 56 41 25 64 1017 32 604 909 1628 841 979 429 122 103 3582 9017 1476 157 6913 1270 36 390 3689 3378 734 8901 9464 1336 224 107 646 552 43 5390 343 115 941 387 183 234 4568 1604 329 355
66 457 136 301 87 2849 976 2653 8688 7162 289 4482 2491 567 307 1087 1 5834 252 636 1271 1793 485 727 1979 947 171 244 4040 36 288 462 3041 3257 7674 1530 101 395 356 1042 574 59 1564 236 193 549
67 8 9 2 7 1290 155 0 5 2060 27 138 19 4 1671 120 3975 28 14 3 6 126 15 1263 3389 37 11 725 65 3767 468 482 1679 152 69 16 21 404 57 139 10 977 63 968 18 17 13 78 1387 26 2148 12 38 8450 20 229 62 22 671 1495 36 4768 29 30 4023 82 72 121 23 554 2700 157 24 5921 1225 637 9886 621 35 1334 184 131 2478 1881 147 6138 135 1412 797 708 2713
68 1 517 424 1395 5667 170 410 8938 1332 1643 7895 3759 31 3502 67 604 76 47 249 81 43 2973 1429 1506 487 279 5350 52 142 1447 264 612 90 274 79 132 2169 6163 285 4597 841 1401 9832 2048 162 509 183 3591 84 2298 2112 194 187 7986 8466
69 2177 4342 37 410 6452 3520 309 57 501 751 17 1468 3204 542 2448 82 3299 1522 1005 30 335 187 84 1593 171 121 1119 145 139 240 3853 24 907 4301 2359 778 73 3266 1294 4834 22 32 1757 216 9665 4436 158 2919 426 2744 1446 6543 47 346 4276 211 4035 2085 2100 3561 7827 824 720 7042 884 43 42 516 142 762 599 5876 185 249 1883 3369 1408 148
70 0 2 1 4390 410 2170 1756 1554 56 123 1384 2973 3600 138 6718 1312 299 166 52 524 762 187 432 4421 164 78 7401 25 5860 552 73 321 5349 9896 3514 2291 2562 4820 33 330 6234 90 54 332 1388 4962 53 9572 6304 1106 298 5724 40 666 95 116 106 75 27 995 510 659 1877 2837
71 0 1 8751 68 77 5447 2360 1549 8334 2274 751 549 439 143 8019 5329 903 4221 1090 327 304 161 4881 92 4953 399 534 4131 2477 66 46 75 408 5754 663 309 2371 546 9906 7600 1583 1456 67 1951 979 446 115 3082 1599 155
72 2859 5038 111 1967 3032 6655 2218 1483 803 1019 102 477 2094 1128 1215 4594 1300 1558 6979 251 9359 432 948 785 3398 135 6369 225 625 1758 2262 53 159 2205 1988 3239 4813 265 3182 778 4335 327 8184 1546 9613 388 5721 261 8629 475 1566 6467 397 1478 3016 189 2905 1436 2521 6082 1131 301 709 9294 3046
73 6188 1307 1611 5838 703 2703 1128 880 158 484 1284 172 8156 7218 520 1562 1114 3131 1195 7798 1386 320 2201 3824 333 1106 1494 1558 250 149 1311 6589 267 4524 8438 2869 1457 1571 597 5627 3403 1251 9794 1472 978 1484 515 2171 3357 1277 1442 6518 118 952 6359 49 4923 1132 909
74 41 149 16 256 446 38 1210 8875 2296 250 201 2427 9360 1274 377 9246 610 20 314 12 501 5484 3943 3139 29 1038 747 1128 168 147 109 6848 8427 6 35 234 93 134 431 869 1077
75 8 138 0 1 155 69 583 7 2 9 120 14 28 176 1671 919 5 6 8734 4 356 11 3 27 236 679 199 2616 107 15 147 6379 62 1482 16 63 2521 58 35 23 98 3428 170 112 12 6165 6166 662 587 484 13 172 19 290 44 2431 4413 34 86 8948 125 815 3270 26 971 1799 20 2385 7966 7454 1122
76 0 2060 867 1 8 900 869 155 2 9 27 7 5 3992 8095 6402 121 4 148 3 14 63 6 28 3182 30 549 16 184 35 22 3279 236 23 10 24 4364 372 107 728 199 145 61 3408 224 2177 11 157 5313 114 2700 19 112 1780 332 3470 484 6288 126 2168 1604 999 56 389 3379 65 1344 13 164 39 88 371 17 69 131 50 32 681 152 542
77 9710 1593 331 3884 6745 135 2258 501 2533 720 44 10 103 1549 8733 35 2378 273 112 144 5872 647 83 513 30 2942 4959 1638 3603 1251 1258 8241 1352 235 7342 6961 2265 204 289 82 3293 1300 4098 75 1577 254 533 50 651 8332 7792 403 271 343 4594
78 178 168 183 261 83 680 5558 1801 210 4167 361 187 2981 9888 454 245 9470 5616 597 273 3525 750 122 132 587 186 5472 310 2858 6744 115 845 292 1913 5278 1686 160 146 396 352 105 2044 2205 2509 318 300 3631
79 1 7584 1734 372 58 5350 9514 782 87 206 2019 6087 1896 8978 476 5773 55 277 88 1959 9957 60 1065 52 7709 1757 538 71 4618 545 371 51 157 1440 3137 10 102 566 53 726 348 256 238 1601 98 596 267 140 81 1799 159 4281 49 76 130 636 484 625 873
80 0 971 103 990 7908 9947 1862 1911 54 1012 126 101 81 1442 641 1497 4858 4241 1168 9678 2063 287 3281 108 534 6565 214 1626 1454 1262 1386 147 94 185 181 8040 161 3089 4942 27 899 2812 553 280 496 3204 138 2780
81 1671 3097 2848 138 8 9 155 2 7 355 27 6656 5 14 6 28 63 120 4 3 19 3457 229 65 139 121 11 252 15 126 21 95 7677 253 907 16 69 725 1384 708 13 662 5091 1571 494 68 32 7777 1734 156 829 273 37 6831 300 684 9559 928 2185 8094 375 8993 681 1283 1122 67 8992 51 999 166 17 12 764 31 2659 7708 1223 3458 43 595 152 432 679
82 0 96 339 426 73 54 484 3142 2717 112 125 61 1937 271 22 247 199 1606 7253 42 74 49 2047 29 1227 1236 235 3471 137 80 60 25 163 2282 1979 268 2114 131 30 4429 2592 825 7837 496 7433 3332 8241 288 7975 3493 40 8643 374
83 0 1 138 3244 8 1495 2 9 7 5 859 69 583 1482 155 19 199 28 162 120 4 235 6 88 21 7315 3 14 140 3483 5801 2654 8672 183 227 142 105 11 228 1200 47 468 3420 2759 3661 76 3884 561 2132 6147 485 619 4099 519 85 6005 111 2296 9054 900 968
84 138 8 2 9 621 5 7 155 900 6049 176 15 27 14 65 3 6 468 4 28 184 968 5276 63 709 62 32 9047 31 2371 3706 131 426 11 6347 1256 1554 22 4291 34 8402 3222 19 3412 86 290 285 330 1283 23 164 38 74 4266 20 3514 36 37 316 2701 88 33 487 42 2444 5725 6577 148 123 117 5182 140 51 29 776 914 21 6930 26 2208 120 940
85 1398 5641 3569 1137 1344 626 2652 615 2730 42 938 187 970 2397 201 422 1393 417 4606 46 3224 2432 45 183 951 2052 1292 1001 544 5225 2065 113 9030 48 274 3180 6135 656 2017 2950 3456 577 66 211
86 8 9 7 2 138 5 27 14 69 3 4 3110 28 15 155 1263 19 6 199 120 968 869 11 303 21 1334 900 404 485 121 7117 1583 708 1077 13 16 37 1958 72 252 23 1591 20 236 62 193 17 35 10 139 30 152 12 4841 45 184 38 22 126 63 166 18 131 57 686 6698 316 355 7234 44 2478 65 41 1482 549 914 356 107 145 25 24 468 26 78 6402 164 74 290 4500 3102 61 96 482 3849
87 0 6915 663 7013 949 2045 331 6045 108 909 3071 2978 281 5136 179 1702 130 1541 1558 2509 257 1884 1137 251 717 882 442 224 1847 80 2288 9086 850 1041 55 51 615 3069 23 4048 669 104 5561 332 6134 288 475 134 1332 199 7234 583
88 0 1 1027 1627 146 250 52 2552 3879 231 282 660 715 2492 238 803 480 7734 76 7481 80 363 216 388 130 2169 1017 113 2372 777 4704 2322 538 173 1704 79 497 209 278 345 1275 9208
89 0 178 110 268 112 424 161 2244 156 50 3526 4537 79 240 34 2857 594 646 500 3818 142 233 436 841 146 4962 330 36 245 210 2377 8790 66 218 40 2120 8138 914 943 532 4122 3024 7548 48 58 97 1172 9657 111 1008 2941 1972 776 253
90 0 1 655 1052 135 679 410 83 907 24 3977 638 330 90 32 4829 158 25 720 96 646 157 57 48 1223 4329 4364 137 372 896 45 26 1189 210 424 6160 145 914 82 2212 140 1110 3299 33 47 92 34 329 132 331 9713 218 243 2359 552 42 482 4164 5514 3286
91 585 9127 1119 644 4962 151 7167 7607 43 375 1091 2033 3066 339 5275 421 663 78 395 962 224 680 414 3229 5664 1746 654 2905 4081 6795 7913 670 998 1457 172 338 692 473 6405 833 2873 306 8088 4952 1166 211
92 2 5990 671 3158 7850 316 2216 4266 106 2487 41 650 1862 329 45 50 482 7584 42 268 1387 1881 56 49 107 159 3299 2526 121 206 122 1799 144 595 4226 451 83 3489 210 132 100 1673 355 907 789 1073 330 299 545 60 995 611 4919 2334 71 1320 255 112 625 235 346 137 7373 54 32 97 2572 7977
93 2285 526 1936 434 9710 8465 637 1080 99 1155 122 1736 403 44 866 885 201 5902 207 1948 2073 1128 124 6137 871 3586 9351 5041 3676 8152 2922 4219 4070 6131 1098 2809 1988 128 3540 406 185 137 555 616 2852 327 163 5974
94 1 1031 824 1750 857 1000 8492 5483 1008 5626 1344 830 4425 619 3428 325 3631 861 258 2576 321 6785 2360 978 1001 7590 557 7971 697 4625 663 206 77 402 2965 5447 572 5909 171 189 374 282 4857 946 170 218 2882 812 264 5603 1790
95 2670 3995 929 1863 5516 1623 200 4791 319 2820 402 2668 6951 7287 3654 3056 993 2706 2143 3175 8518 267 140 7313 222 1257 589 779 652 908 7173 1956 4157 3946 813 2413 641 5196 9290 849
96 1 38 65 2240 13 2003 57 4288 211 6459 4148 74 6222 2088 123 542 7151 145 88 184 149 1679 12 166 48 561 95 596 231 3591 58 33 5429 2162 9572 71 4807 715 16 55 56 455 137 83 2523 1272 391 439 23 1584 1564 907 496 82 1697 624 824 1339 108 523 961 737 4421 6668 3166 72 331 204 271 1667
97 8 138 2 5381 9 6102 1954 7 2780 5276 4142 27 69 6 5 14 3 4 176 28 2889 15 4301 126 21 9691 107 65 1395 482 19 11 164 8761 23 120 426 63 16 72 249 121 1434 20 329 621 9630 4266 12 211 494 671 510 1200 197 166 6379 679 18 299 90 17 22 815 10 78 86 4525 5778 243 117 62 178 285 277 131 2653 879 2316 13 132 3441 110 24 37 84 1468 566 849 659 92 6051 583 2614
98 3097 8 1 9 2 27 5 7 69 11 120 139 2148 410 236 14 19 62 72 6 3 5394 4 915 121 20 44 797 15 2039 927 58 2478 7347 229 63 82 41 26 18 329 7753 10 55 6201 1736 5350 7173 38 23 17 12 157 56 249 198 285 24 52 16 40 224 114 7086 1184 35 28 102 621
99 1 97 175 249 158 139 4258 29 4487 503 79 36 168 3057 135 82 1521 1023 1352 67 211 501 6385 8707 8270 68 3441 1320 454 24 81 1541 173 152 609 4895 9447 160 599 195 1093 511 4818 1793 48 46 7218 406 1989 510 370 119 410 90 3194 65 1587 1911 867